<?xml version="1.0" encoding="UTF-8"?>
<testsuite xmlns:xsi="http://www.w3.org/2001/XMLSchema-instance" xsi:noNamespaceSchemaLocation="https://maven.apache.org/surefire/maven-surefire-plugin/xsd/surefire-test-report-3.0.xsd" version="3.0" name="runners.CucumberTestSuite" time="18.056" tests="3" errors="0" skipped="0" failures="0">
  <properties>
[...]
</properties>
  <testcase name="Consultar la lista de reservas" classname="API Restful Booker Management" time="7.254">
    <system-err><![CDATA[SLF4J: Failed to load class "org.slf4j.impl.StaticLoggerBinder".
SLF4J: Defaulting to no-operation (NOP) logger implementation
SLF4J: See http://www.slf4j.org/codes.html#StaticLoggerBinder for further details.
]]></system-err>
  </testcase>
  <testcase name="Crear, actualizar y eliminar una reserva" classname="API Restful Booker Management" time="4.372"/>
  <testcase name="Obtener datos del usuario con id 10" classname="API User Management" time="2.618">
    <system-out><![CDATA[Phone: (267) 863-7286 x90096
Email: Tobin_Ruecker26@yahoo.com
Company: Wolff Inc
]]></system-out>
  </testcase>
</testsuite>